3bj1_B	3bj1D	100.000	145	0	0	1	145	1	145	1.44e-106	301
3bj1_B	3bj1B	100.000	145	0	0	1	145	1	145	1.44e-106	301
3bj1_B	1xq5D	99.315	146	0	1	1	145	1	146	1.37e-104	296
3bj1_B	1xq5B	99.315	146	0	1	1	145	1	146	1.37e-104	296
3bj1_B	3bj3D	99.315	146	0	1	1	145	1	146	1.37e-104	296
3bj1_B	3bj3B	99.315	146	0	1	1	145	1	146	1.37e-104	296
3bj1_B	3bj2D	99.315	146	0	1	1	145	1	146	1.37e-104	296
3bj1_B	3bj2B	99.315	146	0	1	1	145	1	146	1.37e-104	296
3bj1_B	2aa1D	81.507	146	26	1	1	145	1	146	4.42e-86	250
3bj1_B	2aa1B	81.507	146	26	1	1	145	1	146	4.42e-86	250
3bj1_B	6hitF	72.414	145	39	1	1	144	1	145	5.40e-77	227
3bj1_B	6hitD	72.414	145	39	1	1	144	1	145	5.40e-77	227
3bj1_B	6hitB	72.414	145	39	1	1	144	1	145	5.40e-77	227
3bj1_B	6hitH	72.727	143	38	1	3	144	2	144	1.05e-76	226
3bj1_B	1pbxB	71.918	146	40	1	1	145	1	146	2.56e-76	225
3bj1_B	4odcB	71.918	146	40	1	1	145	1	146	2.56e-76	225
3bj1_B	4iroD	71.918	146	40	1	1	145	1	146	2.56e-76	225
3bj1_B	4iroB	71.918	146	40	1	1	145	1	146	2.56e-76	225
3bj1_B	1hbhD	71.918	146	40	1	1	145	1	146	2.56e-76	225
3bj1_B	1hbhB	71.918	146	40	1	1	145	1	146	2.56e-76	225
3bj1_B	2h8fD	71.918	146	40	1	1	145	1	146	2.56e-76	225
3bj1_B	2h8fB	71.918	146	40	1	1	145	1	146	2.56e-76	225
3bj1_B	2h8dD	71.918	146	40	1	1	145	1	146	2.56e-76	225
3bj1_B	2h8dB	71.918	146	40	1	1	145	1	146	2.56e-76	225
3bj1_B	3gqgD	71.918	146	40	1	1	145	1	146	2.56e-76	225
3bj1_B	3gqgB	71.918	146	40	1	1	145	1	146	2.56e-76	225
3bj1_B	3gkvB	71.918	146	40	1	1	145	1	146	2.56e-76	225
3bj1_B	4g51D	71.918	146	40	1	1	145	1	146	2.56e-76	225
3bj1_B	4g51B	71.918	146	40	1	1	145	1	146	2.56e-76	225
3bj1_B	4esaD	73.103	145	38	1	1	144	1	145	1.50e-75	223
3bj1_B	6rp5B	72.917	144	38	1	1	143	1	144	1.99e-74	220
3bj1_B	4esaB	72.917	144	38	1	1	143	1	144	1.99e-74	220
3bj1_B	1t1nB	67.808	146	46	1	1	145	1	146	8.93e-73	216
3bj1_B	3ng6D	67.808	146	46	1	1	145	1	146	8.93e-73	216
3bj1_B	3ng6B	67.808	146	46	1	1	145	1	146	8.93e-73	216
3bj1_B	3nfeD	67.808	146	46	1	1	145	1	146	8.93e-73	216
3bj1_B	3nfeB	67.808	146	46	1	1	145	1	146	8.93e-73	216
3bj1_B	5lfgB	67.808	146	46	1	1	145	1	146	8.93e-73	216
3bj1_B	3d1kB	67.808	146	46	1	1	145	1	146	8.93e-73	216
3bj1_B	2pegB	69.655	145	40	1	1	145	1	141	1.27e-72	216
3bj1_B	5lfgD	66.667	144	46	1	1	144	1	142	1.12e-69	208
3bj1_B	1v4xD	67.123	146	47	1	1	145	1	146	2.31e-69	207
3bj1_B	1v4xB	67.123	146	47	1	1	145	1	146	2.31e-69	207
3bj1_B	1v4wD	67.123	146	47	1	1	145	1	146	2.31e-69	207
3bj1_B	1v4wB	67.123	146	47	1	1	145	1	146	2.31e-69	207
3bj1_B	1s5yD	67.832	143	39	1	1	143	1	136	6.63e-69	206
3bj1_B	1s5yB	67.832	143	39	1	1	143	1	136	6.63e-69	206
3bj1_B	1s5xB	67.832	143	39	1	1	143	1	136	6.63e-69	206
3bj1_B	1v4uD	67.606	142	45	1	1	141	1	142	1.44e-66	201
3bj1_B	1v4uB	67.606	142	45	1	1	141	1	142	1.44e-66	201
3bj1_B	2r1hD	63.946	147	51	2	1	145	1	147	8.29e-66	199
3bj1_B	2r1hB	63.946	147	51	2	1	145	1	147	8.29e-66	199
3bj1_B	3bomD	63.946	147	51	2	1	145	1	147	8.29e-66	199
3bj1_B	3bomB	63.946	147	51	2	1	145	1	147	8.29e-66	199
3bj1_B	1la6B	63.380	142	42	1	1	142	1	132	8.69e-64	193
3bj1_B	1spgB	57.823	147	60	2	1	145	1	147	1.83e-58	180
3bj1_B	3bcqD	57.823	147	59	3	1	145	1	146	4.59e-58	179
3bj1_B	3bcqB	57.823	147	59	3	1	145	1	146	4.59e-58	179
3bj1_B	1ouuD	56.552	145	62	1	1	144	1	145	8.20e-58	178
3bj1_B	1ouuB	56.552	145	62	1	1	144	1	145	8.20e-58	178
3bj1_B	1outB	56.552	145	62	1	1	144	1	145	8.20e-58	178
3bj1_B	6iyhB	51.389	144	69	1	3	145	2	145	2.35e-52	165
3bj1_B	6iyiB	51.370	146	70	1	1	145	1	146	1.44e-51	162
3bj1_B	3wr1B	53.425	146	67	1	1	145	1	146	1.93e-51	162
3bj1_B	3wtgD	52.740	146	68	1	1	145	1	146	2.04e-51	162
3bj1_B	3wtgB	52.740	146	68	1	1	145	1	146	2.04e-51	162
3bj1_B	1i3eB	51.389	144	69	1	3	145	3	146	8.56e-51	160
3bj1_B	1i3eA	51.389	144	69	1	3	145	3	146	8.56e-51	160
3bj1_B	1i3dB	51.389	144	69	1	3	145	3	146	8.56e-51	160
3bj1_B	1i3dA	51.389	144	69	1	3	145	3	146	8.56e-51	160
3bj1_B	4mqjF	51.370	146	70	1	1	145	1	146	1.72e-50	160
3bj1_B	4mqjH	51.370	146	70	1	1	145	1	146	1.72e-50	160
3bj1_B	4mqjB	51.370	146	70	1	1	145	1	146	1.72e-50	160
3bj1_B	2r80D	52.740	146	68	1	1	145	1	146	1.94e-50	160
3bj1_B	2r80B	52.740	146	68	1	1	145	1	146	1.94e-50	160
3bj1_B	3mjuB	52.740	146	68	1	1	145	1	146	1.94e-50	160
3bj1_B	4mqjD	51.389	144	69	1	3	145	2	145	1.99e-50	160
3bj1_B	1fdhH	51.389	144	69	1	3	145	3	146	2.32e-50	159
3bj1_B	1fdhG	51.389	144	69	1	3	145	3	146	2.32e-50	159
3bj1_B	3dhrH	52.778	144	67	1	3	145	2	145	2.32e-50	159
3bj1_B	3dhrF	52.778	144	67	1	3	145	2	145	2.32e-50	159
3bj1_B	3dhrD	52.778	144	67	1	3	145	2	145	2.32e-50	159
3bj1_B	3dhrB	52.778	144	67	1	3	145	2	145	2.32e-50	159
3bj1_B	3fs4D	52.055	146	69	1	1	145	1	146	2.64e-50	159
3bj1_B	3fs4B	52.055	146	69	1	1	145	1	146	2.64e-50	159
3bj1_B	3a59H	52.055	146	69	1	1	145	1	146	2.64e-50	159
3bj1_B	3a59F	52.055	146	69	1	1	145	1	146	2.64e-50	159
3bj1_B	3a59D	52.055	146	69	1	1	145	1	146	2.64e-50	159
3bj1_B	3a59B	52.055	146	69	1	1	145	1	146	2.64e-50	159
3bj1_B	1hbrD	52.055	146	69	1	1	145	1	146	3.01e-50	159
3bj1_B	4mqkH	51.389	144	69	1	3	145	2	145	3.40e-50	159
3bj1_B	4mqkF	51.389	144	69	1	3	145	2	145	3.40e-50	159
3bj1_B	4mqkD	51.389	144	69	1	3	145	2	145	3.40e-50	159
3bj1_B	4mqkB	51.389	144	69	1	3	145	2	145	3.40e-50	159
3bj1_B	1fawD	52.055	146	69	1	1	145	1	146	3.87e-50	159
3bj1_B	1fawB	52.055	146	69	1	1	145	1	146	3.87e-50	159
3bj1_B	3eokB	52.740	146	68	1	1	145	1	146	3.91e-50	159
3bj1_B	6zmyD	51.370	146	70	1	1	145	1	146	1.47e-49	157
3bj1_B	6zmyB	51.370	146	70	1	1	145	1	146	1.47e-49	157
3bj1_B	6zmxD	51.370	146	70	1	1	145	1	146	1.47e-49	157
3bj1_B	6zmxB	51.370	146	70	1	1	145	1	146	1.47e-49	157
3bj1_B	2qmbD	51.370	146	70	1	1	145	1	146	1.47e-49	157
3bj1_B	2qmbB	51.370	146	70	1	1	145	1	146	1.47e-49	157
3bj1_B	3k8bD	51.370	146	70	1	1	145	1	146	1.47e-49	157
3bj1_B	3k8bB	51.370	146	70	1	1	145	1	146	1.47e-49	157
3bj1_B	3mjpD	51.370	146	70	1	1	145	1	146	1.59e-49	157
3bj1_B	3mjpB	51.370	146	70	1	1	145	1	146	1.59e-49	157
3bj1_B	1hv4H	51.370	146	70	1	1	145	1	146	1.89e-49	157
3bj1_B	1hv4F	51.370	146	70	1	1	145	1	146	1.89e-49	157
3bj1_B	1hv4D	51.370	146	70	1	1	145	1	146	1.89e-49	157
3bj1_B	1hv4B	51.370	146	70	1	1	145	1	146	1.89e-49	157
3bj1_B	1c40B	51.370	146	70	1	1	145	1	146	1.89e-49	157
3bj1_B	1a4fB	51.370	146	70	1	1	145	1	146	1.89e-49	157
3bj1_B	7qu4G	51.408	142	68	1	4	144	2	143	2.29e-49	157
3bj1_B	7qu4H	51.408	142	68	1	4	144	3	144	2.52e-49	157
3bj1_B	1a9wF	49.655	145	72	1	1	144	1	145	5.18e-49	156
3bj1_B	1a9wE	49.655	145	72	1	1	144	1	145	5.18e-49	156
3bj1_B	2zfbB	50.000	146	72	1	1	145	1	146	2.66e-48	154
3bj1_B	1hbrB	51.748	143	68	1	1	142	1	143	8.08e-48	153
3bj1_B	3at6B	51.389	144	69	1	3	145	3	146	1.47e-47	152
3bj1_B	3at5B	51.389	144	69	1	3	145	3	146	1.47e-47	152
3bj1_B	2dhbB	48.571	140	71	1	7	145	7	146	3.40e-47	152
3bj1_B	3hf4F	48.951	143	72	1	4	145	4	146	3.88e-47	151
3bj1_B	3lqdD	47.143	140	73	1	7	145	7	146	1.44e-46	150
3bj1_B	3lqdB	47.143	140	73	1	7	145	7	146	1.44e-46	150
3bj1_B	4yu4D	49.286	140	70	1	7	145	7	146	2.09e-46	149
3bj1_B	4yu4B	49.286	140	70	1	7	145	7	146	2.09e-46	149
3bj1_B	4yu3B	49.286	140	70	1	7	145	7	146	2.09e-46	149
3bj1_B	3hf4B	48.592	142	72	1	4	144	4	145	5.29e-46	149
3bj1_B	3dhtB	48.592	142	72	1	4	144	4	145	5.29e-46	149
3bj1_B	2z6nB	50.685	146	71	1	1	145	1	146	8.08e-46	148
3bj1_B	1wmuB	50.685	146	71	1	1	145	1	146	8.08e-46	148
3bj1_B	3fh9B	46.429	140	74	1	7	145	7	146	2.60e-45	147
3bj1_B	1qpwD	46.429	140	74	1	7	145	7	146	3.42e-45	146
3bj1_B	1qpwB	46.429	140	74	1	7	145	7	146	3.42e-45	146
3bj1_B	2pghD	46.429	140	74	1	7	145	7	146	3.42e-45	146
3bj1_B	2pghB	46.429	140	74	1	7	145	7	146	3.42e-45	146
3bj1_B	4h2lB	47.552	143	74	1	4	145	4	146	5.12e-45	146
3bj1_B	4f4oK	46.429	140	74	1	7	145	7	146	6.88e-45	145
3bj1_B	4f4oH	46.429	140	74	1	7	145	7	146	6.88e-45	145
3bj1_B	4f4oE	46.429	140	74	1	7	145	7	146	6.88e-45	145
3bj1_B	4f4oB	46.429	140	74	1	7	145	7	146	6.88e-45	145
3bj1_B	2raoD	45.714	140	75	1	7	145	7	146	9.76e-45	145
3bj1_B	2raoB	45.714	140	75	1	7	145	7	146	9.76e-45	145
3bj1_B	5kerB	47.552	143	74	1	4	145	4	146	1.20e-44	145
3bj1_B	5kerH	47.552	143	74	1	4	145	4	146	1.20e-44	145
3bj1_B	5kerF	47.552	143	74	1	4	145	4	146	1.20e-44	145
3bj1_B	5kerD	47.552	143	74	1	4	145	4	146	1.20e-44	145
3bj1_B	1v75B	50.714	140	68	1	3	141	2	141	2.49e-44	144
3bj1_B	3hrwD	46.154	143	76	1	4	145	4	146	6.60e-44	143
3bj1_B	3hrwB	46.154	143	76	1	4	145	4	146	6.60e-44	143
3bj1_B	2qlsD	46.429	140	74	1	7	145	7	146	8.48e-44	143
3bj1_B	2qlsB	46.429	140	74	1	7	145	7	146	8.48e-44	143
3bj1_B	3pelB	46.429	140	74	1	7	145	7	146	8.48e-44	143
3bj1_B	3gouD	46.429	140	74	1	7	145	7	146	8.48e-44	143
3bj1_B	3gouB	46.429	140	74	1	7	145	7	146	8.48e-44	143
3bj1_B	1fhjD	46.429	140	74	1	7	145	7	146	8.48e-44	143
3bj1_B	1fhjB	46.429	140	74	1	7	145	7	146	8.48e-44	143
3bj1_B	6hbwD	44.755	143	78	1	4	145	4	146	2.08e-43	142
3bj1_B	6hbwB	44.755	143	78	1	4	145	4	146	2.08e-43	142
3bj1_B	1si4D	44.056	143	79	1	4	145	4	146	4.09e-43	141
3bj1_B	1si4B	44.056	143	79	1	4	145	4	146	4.09e-43	141
3bj1_B	1shrD	44.056	143	79	1	4	145	4	146	4.09e-43	141
3bj1_B	1shrB	44.056	143	79	1	4	145	4	146	4.09e-43	141
3bj1_B	3w4uF	44.755	143	78	1	4	145	3	145	4.77e-43	141
3bj1_B	3w4uD	44.755	143	78	1	4	145	3	145	4.77e-43	141
3bj1_B	3w4uB	44.755	143	78	1	4	145	3	145	4.77e-43	141
3bj1_B	5u3iD	44.755	143	78	1	4	145	3	145	4.77e-43	141
3bj1_B	5ufjD	44.755	143	78	1	4	145	4	146	5.03e-43	141
3bj1_B	5ufjB	44.755	143	78	1	4	145	4	146	5.03e-43	141
3bj1_B	5u3iB	44.755	143	78	1	4	145	4	146	5.03e-43	141
3bj1_B	1nejD	44.755	143	78	1	4	145	4	146	5.03e-43	141
3bj1_B	1nejB	44.755	143	78	1	4	145	4	146	5.03e-43	141
3bj1_B	7k4mB	44.755	143	78	1	4	145	4	146	5.03e-43	141
3bj1_B	2hbsF	44.755	143	78	1	4	145	4	146	5.03e-43	141
3bj1_B	2hbsD	44.755	143	78	1	4	145	4	146	5.03e-43	141
3bj1_B	2hbsH	44.755	143	78	1	4	145	4	146	5.03e-43	141
3bj1_B	2hbsB	44.755	143	78	1	4	145	4	146	5.03e-43	141
3bj1_B	1hbsH	44.755	143	78	1	4	145	4	146	5.03e-43	141
3bj1_B	1hbsF	44.755	143	78	1	4	145	4	146	5.03e-43	141
3bj1_B	1hbsD	44.755	143	78	1	4	145	4	146	5.03e-43	141
3bj1_B	1hbsB	44.755	143	78	1	4	145	4	146	5.03e-43	141
3bj1_B	5e83D	44.755	143	78	1	4	145	4	146	5.03e-43	141
3bj1_B	5e83B	44.755	143	78	1	4	145	4	146	5.03e-43	141
3bj1_B	5e6eB	44.755	143	78	1	4	145	4	146	5.03e-43	141
3bj1_B	1y4vD	44.755	143	78	1	4	145	4	146	5.14e-43	141
3bj1_B	1y4vB	44.755	143	78	1	4	145	4	146	5.14e-43	141
3bj1_B	7k4mD	44.755	143	78	1	4	145	5	147	6.17e-43	141
3bj1_B	1gbuD	44.755	143	78	1	4	145	4	146	7.29e-43	140
3bj1_B	1gbuB	44.755	143	78	1	4	145	4	146	7.29e-43	140
3bj1_B	1dxvD	44.755	143	78	1	4	145	4	146	9.37e-43	140
3bj1_B	1dxvB	44.755	143	78	1	4	145	4	146	9.37e-43	140
3bj1_B	1o1pD	44.755	143	78	1	4	145	4	146	9.58e-43	140
3bj1_B	1o1pB	44.755	143	78	1	4	145	4	146	9.58e-43	140
3bj1_B	1yziB	44.755	143	78	1	4	145	4	146	9.68e-43	140
3bj1_B	1yhrD	44.755	143	78	1	4	145	4	146	9.68e-43	140
3bj1_B	1yhrB	44.755	143	78	1	4	145	4	146	9.68e-43	140
3bj1_B	1yheD	44.755	143	78	1	4	145	4	146	9.68e-43	140
3bj1_B	1yheB	44.755	143	78	1	4	145	4	146	9.68e-43	140
3bj1_B	1yh9D	44.755	143	78	1	4	145	4	146	9.68e-43	140
3bj1_B	1yh9B	44.755	143	78	1	4	145	4	146	9.68e-43	140
3bj1_B	1ydzD	44.755	143	78	1	4	145	4	146	9.68e-43	140
3bj1_B	1ydzB	44.755	143	78	1	4	145	4	146	9.68e-43	140
3bj1_B	1y8wD	44.755	143	78	1	4	145	4	146	9.68e-43	140
3bj1_B	1y8wB	44.755	143	78	1	4	145	4	146	9.68e-43	140
3bj1_B	1y0wD	44.755	143	78	1	4	145	4	146	9.68e-43	140
3bj1_B	1y0wB	44.755	143	78	1	4	145	4	146	9.68e-43	140
3bj1_B	1y0tD	44.755	143	78	1	4	145	4	146	9.68e-43	140
3bj1_B	1y0tB	44.755	143	78	1	4	145	4	146	9.68e-43	140
3bj1_B	1y0dD	44.755	143	78	1	4	145	4	146	9.68e-43	140
3bj1_B	1y0dB	44.755	143	78	1	4	145	4	146	9.68e-43	140
3bj1_B	1y0cD	44.755	143	78	1	4	145	4	146	9.68e-43	140
3bj1_B	1y0cB	44.755	143	78	1	4	145	4	146	9.68e-43	140
3bj1_B	1y0aD	44.755	143	78	1	4	145	4	146	9.68e-43	140
3bj1_B	1y0aB	44.755	143	78	1	4	145	4	146	9.68e-43	140
3bj1_B	1y09D	44.755	143	78	1	4	145	4	146	9.68e-43	140
3bj1_B	1y09B	44.755	143	78	1	4	145	4	146	9.68e-43	140
3bj1_B	1xzvD	44.755	143	78	1	4	145	4	146	9.68e-43	140
3bj1_B	1xzvB	44.755	143	78	1	4	145	4	146	9.68e-43	140
3bj1_B	1xzuD	44.755	143	78	1	4	145	4	146	9.68e-43	140
3bj1_B	1xzuB	44.755	143	78	1	4	145	4	146	9.68e-43	140
3bj1_B	1xz7D	44.755	143	78	1	4	145	4	146	9.68e-43	140
3bj1_B	1xz7B	44.755	143	78	1	4	145	4	146	9.68e-43	140
3bj1_B	1xz5D	44.755	143	78	1	4	145	4	146	9.68e-43	140
3bj1_B	1xz5B	44.755	143	78	1	4	145	4	146	9.68e-43	140
3bj1_B	1xz4D	44.755	143	78	1	4	145	4	146	9.68e-43	140
3bj1_B	1xz4B	44.755	143	78	1	4	145	4	146	9.68e-43	140
3bj1_B	1xz2D	44.755	143	78	1	4	145	4	146	9.68e-43	140
3bj1_B	1xz2B	44.755	143	78	1	4	145	4	146	9.68e-43	140
3bj1_B	1xyeD	44.755	143	78	1	4	145	4	146	9.68e-43	140
3bj1_B	1xyeB	44.755	143	78	1	4	145	4	146	9.68e-43	140
3bj1_B	1xy0D	44.755	143	78	1	4	145	4	146	9.68e-43	140
3bj1_B	1xy0B	44.755	143	78	1	4	145	4	146	9.68e-43	140
3bj1_B	1xxtD	44.755	143	78	1	4	145	4	146	9.68e-43	140
3bj1_B	1xxtB	44.755	143	78	1	4	145	4	146	9.68e-43	140
3bj1_B	4xs0B	44.755	143	78	1	4	145	4	146	9.68e-43	140
3bj1_B	7xgyD	44.755	143	78	1	4	145	4	146	9.68e-43	140
3bj1_B	7xgyB	44.755	143	78	1	4	145	4	146	9.68e-43	140
3bj1_B	6xe7D	44.755	143	78	1	4	145	4	146	9.68e-43	140
3bj1_B	6xe7B	44.755	143	78	1	4	145	4	146	9.68e-43	140
3bj1_B	6xdtD	44.755	143	78	1	4	145	4	146	9.68e-43	140
3bj1_B	6xdtB	44.755	143	78	1	4	145	4	146	9.68e-43	140
3bj1_B	6xd9D	44.755	143	78	1	4	145	4	146	9.68e-43	140
3bj1_B	6xd9B	44.755	143	78	1	4	145	4	146	9.68e-43	140
3bj1_B	5wohD	44.755	143	78	1	4	145	4	146	9.68e-43	140
3bj1_B	5wohB	44.755	143	78	1	4	145	4	146	9.68e-43	140
3bj1_B	5wogD	44.755	143	78	1	4	145	4	146	9.68e-43	140
3bj1_B	5wogC	44.755	143	78	1	4	145	4	146	9.68e-43	140
3bj1_B	4wjg1	44.755	143	78	1	4	145	4	146	9.68e-43	140
3bj1_B	4wjgV	44.755	143	78	1	4	145	4	146	9.68e-43	140
3bj1_B	4wjgQ	44.755	143	78	1	4	145	4	146	9.68e-43	140
3bj1_B	4wjgL	44.755	143	78	1	4	145	4	146	9.68e-43	140
3bj1_B	4wjgG	44.755	143	78	1	4	145	4	146	9.68e-43	140
3bj1_B	4wjgB	44.755	143	78	1	4	145	4	146	9.68e-43	140
3bj1_B	2w6vD	44.755	143	78	1	4	145	4	146	9.68e-43	140
3bj1_B	2w6vB	44.755	143	78	1	4	145	4	146	9.68e-43	140
3bj1_B	1vwtD	44.755	143	78	1	4	145	4	146	9.68e-43	140
3bj1_B	1vwtB	44.755	143	78	1	4	145	4	146	9.68e-43	140
3bj1_B	7vdeD	44.755	143	78	1	4	145	4	146	9.68e-43	140
3bj1_B	7vdeB	44.755	143	78	1	4	145	4	146	9.68e-43	140
3bj1_B	5urcD	44.755	143	78	1	4	145	4	146	9.68e-43	140
3bj1_B	5urcB	44.755	143	78	1	4	145	4	146	9.68e-43	140
3bj1_B	1uiwH	44.755	143	78	1	4	145	4	146	9.68e-43	140
3bj1_B	1uiwD	44.755	143	78	1	4	145	4	146	9.68e-43	140
3bj1_B	1uiwB	44.755	143	78	1	4	145	4	146	9.68e-43	140
3bj1_B	7uf7D	44.755	143	78	1	4	145	4	146	9.68e-43	140
3bj1_B	7uf7B	44.755	143	78	1	4	145	4	146	9.68e-43	140
3bj1_B	7uf6D	44.755	143	78	1	4	145	4	146	9.68e-43	140
3bj1_B	7uf6B	44.755	143	78	1	4	145	4	146	9.68e-43	140
3bj1_B	7ud8D	44.755	143	78	1	4	145	4	146	9.68e-43	140
3bj1_B	7ud8B	44.755	143	78	1	4	145	4	146	9.68e-43	140
3bj1_B	7ud7D	44.755	143	78	1	4	145	4	146	9.68e-43	140
3bj1_B	7ud7B	44.755	143	78	1	4	145	4	146	9.68e-43	140
3bj1_B	5ucuB	44.755	143	78	1	4	145	4	146	9.68e-43	140
3bj1_B	1thbD	44.755	143	78	1	4	145	4	146	9.68e-43	140
3bj1_B	1thbB	44.755	143	78	1	4	145	4	146	9.68e-43	140
3bj1_B	6tb2B	44.755	143	78	1	4	145	4	146	9.68e-43	140
3bj1_B	1sdlD	44.755	143	78	1	4	145	4	146	9.68e-43	140
3bj1_B	1sdlB	44.755	143	78	1	4	145	4	146	9.68e-43	140
3bj1_B	1sdkD	44.755	143	78	1	4	145	4	146	9.68e-43	140
3bj1_B	1sdkB	44.755	143	78	1	4	145	4	146	9.68e-43	140
3bj1_B	1rvwB	44.755	143	78	1	4	145	4	146	9.68e-43	140
3bj1_B	1rq4D	44.755	143	78	1	4	145	4	146	9.68e-43	140
3bj1_B	1rq4B	44.755	143	78	1	4	145	4	146	9.68e-43	140
3bj1_B	1rq3D	44.755	143	78	1	4	145	4	146	9.68e-43	140
3bj1_B	1rq3B	44.755	143	78	1	4	145	4	146	9.68e-43	140
3bj1_B	1rpsD	44.755	143	78	1	4	145	4	146	9.68e-43	140
3bj1_B	1rpsB	44.755	143	78	1	4	145	4	146	9.68e-43	140
3bj1_B	4romD	44.755	143	78	1	4	145	4	146	9.68e-43	140
3bj1_B	4romB	44.755	143	78	1	4	145	4	146	9.68e-43	140
3bj1_B	4rolD	44.755	143	78	1	4	145	4	146	9.68e-43	140
3bj1_B	4rolB	44.755	143	78	1	4	145	4	146	9.68e-43	140
3bj1_B	3r5iD	44.755	143	78	1	4	145	4	146	9.68e-43	140
3bj1_B	3r5iB	44.755	143	78	1	4	145	4	146	9.68e-43	140
3bj1_B	1r1yD	44.755	143	78	1	4	145	4	146	9.68e-43	140
3bj1_B	1r1yB	44.755	143	78	1	4	145	4	146	9.68e-43	140
3bj1_B	1r1xB	44.755	143	78	1	4	145	4	146	9.68e-43	140
3bj1_B	1qxeD	44.755	143	78	1	4	145	4	146	9.68e-43	140
3bj1_B	1qxeB	44.755	143	78	1	4	145	4	146	9.68e-43	140
3bj1_B	1qxdD	44.755	143	78	1	4	145	4	146	9.68e-43	140
3bj1_B	1qxdB	44.755	143	78	1	4	145	4	146	9.68e-43	140
3bj1_B	1qsiD	44.755	143	78	1	4	145	4	146	9.68e-43	140
3bj1_B	1qsiB	44.755	143	78	1	4	145	4	146	9.68e-43	140
3bj1_B	1qshD	44.755	143	78	1	4	145	4	146	9.68e-43	140
3bj1_B	1qshB	44.755	143	78	1	4	145	4	146	9.68e-43	140
3bj1_B	3qjdD	44.755	143	78	1	4	145	4	146	9.68e-43	140
3bj1_B	3qjdB	44.755	143	78	1	4	145	4	146	9.68e-43	140
3bj1_B	3qjbB	44.755	143	78	1	4	145	4	146	9.68e-43	140
3bj1_B	7pcqD	44.755	143	78	1	4	145	4	146	9.68e-43	140
3bj1_B	7pcqB	44.755	143	78	1	4	145	4	146	9.68e-43	140
3bj1_B	7pchD	44.755	143	78	1	4	145	4	146	9.68e-43	140
3bj1_B	7pchB	44.755	143	78	1	4	145	4	146	9.68e-43	140
3bj1_B	7pcfB	44.755	143	78	1	4	145	4	146	9.68e-43	140
3bj1_B	3p5qB	44.755	143	78	1	4	145	4	146	9.68e-43	140
3bj1_B	3oo4B	44.755	143	78	1	4	145	4	146	9.68e-43	140
3bj1_B	3odqD	44.755	143	78	1	4	145	4	146	9.68e-43	140
3bj1_B	3odqB	44.755	143	78	1	4	145	4	146	9.68e-43	140
3bj1_B	1o1nD	44.755	143	78	1	4	145	4	146	9.68e-43	140
3bj1_B	1o1nB	44.755	143	78	1	4	145	4	146	9.68e-43	140
3bj1_B	1o1lD	44.755	143	78	1	4	145	4	146	9.68e-43	140
3bj1_B	1o1lB	44.755	143	78	1	4	145	4	146	9.68e-43	140
3bj1_B	3nmmD	44.755	143	78	1	4	145	4	146	9.68e-43	140
3bj1_B	3nmmB	44.755	143	78	1	4	145	4	146	9.68e-43	140
3bj1_B	5ni1D	44.755	143	78	1	4	145	4	146	9.68e-43	140
3bj1_B	5ni1B	44.755	143	78	1	4	145	4	146	9.68e-43	140
3bj1_B	4ni0B	44.755	143	78	1	4	145	4	146	9.68e-43	140
3bj1_B	1nihD	44.755	143	78	1	4	145	4	146	9.68e-43	140
3bj1_B	1nihB	44.755	143	78	1	4	145	4	146	9.68e-43	140
3bj1_B	4n8tB	44.755	143	78	1	4	145	4	146	9.68e-43	140
3bj1_B	4n7pL	44.755	143	78	1	4	145	4	146	9.68e-43	140
3bj1_B	4n7pJ	44.755	143	78	1	4	145	4	146	9.68e-43	140
3bj1_B	4n7pH	44.755	143	78	1	4	145	4	146	9.68e-43	140
3bj1_B	4n7pF	44.755	143	78	1	4	145	4	146	9.68e-43	140
3bj1_B	4n7pD	44.755	143	78	1	4	145	4	146	9.68e-43	140
3bj1_B	4n7pB	44.755	143	78	1	4	145	4	146	9.68e-43	140
3bj1_B	4n7oL	44.755	143	78	1	4	145	4	146	9.68e-43	140
3bj1_B	4n7oJ	44.755	143	78	1	4	145	4	146	9.68e-43	140
3bj1_B	4n7oH	44.755	143	78	1	4	145	4	146	9.68e-43	140
3bj1_B	4n7oF	44.755	143	78	1	4	145	4	146	9.68e-43	140
3bj1_B	4n7oD	44.755	143	78	1	4	145	4	146	9.68e-43	140
3bj1_B	4n7oB	44.755	143	78	1	4	145	4	146	9.68e-43	140
3bj1_B	4n7nL	44.755	143	78	1	4	145	4	146	9.68e-43	140
3bj1_B	4n7nJ	44.755	143	78	1	4	145	4	146	9.68e-43	140
3bj1_B	4n7nH	44.755	143	78	1	4	145	4	146	9.68e-43	140
3bj1_B	4n7nF	44.755	143	78	1	4	145	4	146	9.68e-43	140
3bj1_B	4n7nD	44.755	143	78	1	4	145	4	146	9.68e-43	140
3bj1_B	4n7nB	44.755	143	78	1	4	145	4	146	9.68e-43	140
3bj1_B	4mqhB	44.755	143	78	1	4	145	4	146	9.68e-43	140
3bj1_B	4mqcB	44.755	143	78	1	4	145	4	146	9.68e-43	140
3bj1_B	1mkoD	44.755	143	78	1	4	145	4	146	9.68e-43	140
3bj1_B	1mkoB	44.755	143	78	1	4	145	4	146	9.68e-43	140
3bj1_B	2m6zD	44.755	143	78	1	4	145	4	146	9.68e-43	140
3bj1_B	2m6zB	44.755	143	78	1	4	145	4	146	9.68e-43	140
3bj1_B	4m4bB	44.755	143	78	1	4	145	4	146	9.68e-43	140
3bj1_B	4m4aB	44.755	143	78	1	4	145	4	146	9.68e-43	140
3bj1_B	1ljwB	44.755	143	78	1	4	145	4	146	9.68e-43	140
3bj1_B	1lfzB	44.755	143	78	1	4	145	4	146	9.68e-43	140
3bj1_B	1lfyB	44.755	143	78	1	4	145	4	146	9.68e-43	140
3bj1_B	1lfvB	44.755	143	78	1	4	145	4	146	9.68e-43	140
3bj1_B	1lftB	44.755	143	78	1	4	145	4	146	9.68e-43	140
3bj1_B	1lfqB	44.755	143	78	1	4	145	4	146	9.68e-43	140
3bj1_B	1lflS	44.755	143	78	1	4	145	4	146	9.68e-43	140
3bj1_B	1lflQ	44.755	143	78	1	4	145	4	146	9.68e-43	140
3bj1_B	1lflD	44.755	143	78	1	4	145	4	146	9.68e-43	140
3bj1_B	1lflB	44.755	143	78	1	4	145	4	146	9.68e-43	140
3bj1_B	6lcxH	44.755	143	78	1	4	145	4	146	9.68e-43	140
3bj1_B	6lcxF	44.755	143	78	1	4	145	4	146	9.68e-43	140
3bj1_B	6lcxD	44.755	143	78	1	4	145	4	146	9.68e-43	140
3bj1_B	6lcxB	44.755	143	78	1	4	145	4	146	9.68e-43	140
3bj1_B	6lcwH	44.755	143	78	1	4	145	4	146	9.68e-43	140
3bj1_B	6lcwF	44.755	143	78	1	4	145	4	146	9.68e-43	140
3bj1_B	6lcwD	44.755	143	78	1	4	145	4	146	9.68e-43	140
3bj1_B	6lcwB	44.755	143	78	1	4	145	4	146	9.68e-43	140
3bj1_B	6l5yD	44.755	143	78	1	4	145	4	146	9.68e-43	140
3bj1_B	6l5yB	44.755	143	78	1	4	145	4	146	9.68e-43	140
3bj1_B	6l5xD	44.755	143	78	1	4	145	4	146	9.68e-43	140
3bj1_B	6l5xB	44.755	143	78	1	4	145	4	146	9.68e-43	140
3bj1_B	6kyeL	44.755	143	78	1	4	145	4	146	9.68e-43	140
3bj1_B	6kyeJ	44.755	143	78	1	4	145	4	146	9.68e-43	140
3bj1_B	6kyeF	44.755	143	78	1	4	145	4	146	9.68e-43	140
3bj1_B	6kyeD	44.755	143	78	1	4	145	4	146	9.68e-43	140
3bj1_B	6kyeB	44.755	143	78	1	4	145	4	146	9.68e-43	140
3bj1_B	5ksjD	44.755	143	78	1	4	145	4	146	9.68e-43	140
3bj1_B	5ksjB	44.755	143	78	1	4	145	4	146	9.68e-43	140
3bj1_B	5ksiB	44.755	143	78	1	4	145	4	146	9.68e-43	140
3bj1_B	5ksiD	44.755	143	78	1	4	145	4	146	9.68e-43	140
3bj1_B	3kmfG	44.755	143	78	1	4	145	4	146	9.68e-43	140
3bj1_B	3kmfC	44.755	143	78	1	4	145	4	146	9.68e-43	140
3bj1_B	5kdqD	44.755	143	78	1	4	145	4	146	9.68e-43	140
3bj1_B	5kdqB	44.755	143	78	1	4	145	4	146	9.68e-43	140
3bj1_B	1kd2D	44.755	143	78	1	4	145	4	146	9.68e-43	140
3bj1_B	1kd2B	44.755	143	78	1	4	145	4	146	9.68e-43	140
3bj1_B	6kavD	44.755	143	78	1	4	145	4	146	9.68e-43	140
3bj1_B	6kavB	44.755	143	78	1	4	145	4	146	9.68e-43	140
3bj1_B	6kauD	44.755	143	78	1	4	145	4	146	9.68e-43	140
3bj1_B	6kauB	44.755	143	78	1	4	145	4	146	9.68e-43	140
3bj1_B	6katD	44.755	143	78	1	4	145	4	146	9.68e-43	140
3bj1_B	6katB	44.755	143	78	1	4	145	4	146	9.68e-43	140
3bj1_B	6kasD	44.755	143	78	1	4	145	4	146	9.68e-43	140
3bj1_B	6kasB	44.755	143	78	1	4	145	4	146	9.68e-43	140
3bj1_B	6kaiH	44.755	143	78	1	4	145	4	146	9.68e-43	140
3bj1_B	6kaiF	44.755	143	78	1	4	145	4	146	9.68e-43	140
3bj1_B	6kaiD	44.755	143	78	1	4	145	4	146	9.68e-43	140
3bj1_B	6kaiB	44.755	143	78	1	4	145	4	146	9.68e-43	140
3bj1_B	6kahH	44.755	143	78	1	4	145	4	146	9.68e-43	140
3bj1_B	6kahF	44.755	143	78	1	4	145	4	146	9.68e-43	140
3bj1_B	6kahD	44.755	143	78	1	4	145	4	146	9.68e-43	140
3bj1_B	6kahB	44.755	143	78	1	4	145	4	146	9.68e-43	140
3bj1_B	6kaeH	44.755	143	78	1	4	145	4	146	9.68e-43	140
3bj1_B	6kaeF	44.755	143	78	1	4	145	4	146	9.68e-43	140
3bj1_B	6kaeD	44.755	143	78	1	4	145	4	146	9.68e-43	140
3bj1_B	6kaeB	44.755	143	78	1	4	145	4	146	9.68e-43	140
3bj1_B	6ka9H	44.755	143	78	1	4	145	4	146	9.68e-43	140
3bj1_B	6ka9F	44.755	143	78	1	4	145	4	146	9.68e-43	140
3bj1_B	6ka9D	44.755	143	78	1	4	145	4	146	9.68e-43	140
3bj1_B	6ka9B	44.755	143	78	1	4	145	4	146	9.68e-43	140
3bj1_B	1k0yD	44.755	143	78	1	4	145	4	146	9.68e-43	140
3bj1_B	1k0yB	44.755	143	78	1	4	145	4	146	9.68e-43	140
3bj1_B	7jy3D	44.755	143	78	1	4	145	4	146	9.68e-43	140
3bj1_B	7jy3B	44.755	143	78	1	4	145	4	146	9.68e-43	140
3bj1_B	7jy1D	44.755	143	78	1	4	145	4	146	9.68e-43	140
3bj1_B	7jy1B	44.755	143	78	1	4	145	4	146	9.68e-43	140
3bj1_B	7jy0D	44.755	143	78	1	4	145	4	146	9.68e-43	140
3bj1_B	7jy0B	44.755	143	78	1	4	145	4	146	9.68e-43	140
3bj1_B	1jy7X	44.755	143	78	1	4	145	4	146	9.68e-43	140
3bj1_B	1jy7V	44.755	143	78	1	4	145	4	146	9.68e-43	140
3bj1_B	1jy7S	44.755	143	78	1	4	145	4	146	9.68e-43	140
3bj1_B	1jy7Q	44.755	143	78	1	4	145	4	146	9.68e-43	140
3bj1_B	1jy7D	44.755	143	78	1	4	145	4	146	9.68e-43	140
3bj1_B	1jy7B	44.755	143	78	1	4	145	4	146	9.68e-43	140
3bj1_B	7jxzD	44.755	143	78	1	4	145	4	146	9.68e-43	140
3bj1_B	7jxzB	44.755	143	78	1	4	145	4	146	9.68e-43	140
3bj1_B	1j7sD	44.755	143	78	1	4	145	4	146	9.68e-43	140
3bj1_B	1j7sB	44.755	143	78	1	4	145	4	146	9.68e-43	140
3bj1_B	1j41H	44.755	143	78	1	4	145	4	146	9.68e-43	140
3bj1_B	1j41F	44.755	143	78	1	4	145	4	146	9.68e-43	140
3bj1_B	1j41D	44.755	143	78	1	4	145	4	146	9.68e-43	140
3bj1_B	1j41B	44.755	143	78	1	4	145	4	146	9.68e-43	140
3bj1_B	1j40H	44.755	143	78	1	4	145	4	146	9.68e-43	140
3bj1_B	1j40F	44.755	143	78	1	4	145	4	146	9.68e-43	140
3bj1_B	1j40D	44.755	143	78	1	4	145	4	146	9.68e-43	140
3bj1_B	1j40B	44.755	143	78	1	4	145	4	146	9.68e-43	140
3bj1_B	1j3zH	44.755	143	78	1	4	145	4	146	9.68e-43	140
3bj1_B	1j3zF	44.755	143	78	1	4	145	4	146	9.68e-43	140
3bj1_B	1j3zD	44.755	143	78	1	4	145	4	146	9.68e-43	140
3bj1_B	1j3zB	44.755	143	78	1	4	145	4	146	9.68e-43	140
3bj1_B	1j3yH	44.755	143	78	1	4	145	4	146	9.68e-43	140
3bj1_B	1j3yF	44.755	143	78	1	4	145	4	146	9.68e-43	140
3bj1_B	1j3yD	44.755	143	78	1	4	145	4	146	9.68e-43	140
3bj1_B	1j3yB	44.755	143	78	1	4	145	4	146	9.68e-43	140
3bj1_B	1irdB	44.755	143	78	1	4	145	4	146	9.68e-43	140
3bj1_B	4ij2D	44.755	143	78	1	4	145	4	146	9.68e-43	140
3bj1_B	4ij2B	44.755	143	78	1	4	145	4	146	9.68e-43	140
3bj1_B	3ic2D	44.755	143	78	1	4	145	4	146	9.68e-43	140
3bj1_B	3ic2B	44.755	143	78	1	4	145	4	146	9.68e-43	140
3bj1_B	3ic0D	44.755	143	78	1	4	145	4	146	9.68e-43	140
3bj1_B	3ic0B	44.755	143	78	1	4	145	4	146	9.68e-43	140
3bj1_B	5hy8T	44.755	143	78	1	4	145	4	146	9.68e-43	140
3bj1_B	5hy8H	44.755	143	78	1	4	145	4	146	9.68e-43	140
3bj1_B	5hy8F	44.755	143	78	1	4	145	4	146	9.68e-43	140
3bj1_B	5hy8B	44.755	143	78	1	4	145	4	146	9.68e-43	140
3bj1_B	5hy8D	44.755	143	78	1	4	145	4	146	9.68e-43	140
3bj1_B	3hxnD	44.755	143	78	1	4	145	4	146	9.68e-43	140
3bj1_B	3hxnB	44.755	143	78	1	4	145	4	146	9.68e-43	140
3bj1_B	6hk2D	44.755	143	78	1	4	145	4	146	9.68e-43	140
3bj1_B	6hk2B	44.755	143	78	1	4	145	4	146	9.68e-43	140
3bj1_B	4hhbD	44.755	143	78	1	4	145	4	146	9.68e-43	140
3bj1_B	4hhbB	44.755	143	78	1	4	145	4	146	9.68e-43	140
3bj1_B	3hhbD	44.755	143	78	1	4	145	4	146	9.68e-43	140
3bj1_B	3hhbB	44.755	143	78	1	4	145	4	146	9.68e-43	140
3bj1_B	2hhdD	44.755	143	78	1	4	145	4	146	9.68e-43	140
3bj1_B	2hhdB	44.755	143	78	1	4	145	4	146	9.68e-43	140
3bj1_B	2hhbD	44.755	143	78	1	4	145	4	146	9.68e-43	140
3bj1_B	2hhbB	44.755	143	78	1	4	145	4	146	9.68e-43	140
3bj1_B	1hhoB	44.755	143	78	1	4	145	4	146	9.68e-43	140
3bj1_B	1hgcD	44.755	143	78	1	4	145	4	146	9.68e-43	140
3bj1_B	1hgcB	44.755	143	78	1	4	145	4	146	9.68e-43	140
3bj1_B	1hgbD	44.755	143	78	1	4	145	4	146	9.68e-43	140
3bj1_B	1hgbB	44.755	143	78	1	4	145	4	146	9.68e-43	140
3bj1_B	1hgaD	44.755	143	78	1	4	145	4	146	9.68e-43	140
3bj1_B	1hgaB	44.755	143	78	1	4	145	4	146	9.68e-43	140
3bj1_B	2hcoB	44.755	143	78	1	4	145	4	146	9.68e-43	140
3bj1_B	1hcoB	44.755	143	78	1	4	145	4	146	9.68e-43	140
3bj1_B	2hbfB	44.755	143	78	1	4	145	4	146	9.68e-43	140
3bj1_B	2hbeB	44.755	143	78	1	4	145	4	146	9.68e-43	140
3bj1_B	2hbdB	44.755	143	78	1	4	145	4	146	9.68e-43	140
3bj1_B	2hbcB	44.755	143	78	1	4	145	4	146	9.68e-43	140
3bj1_B	1hbbD	44.755	143	78	1	4	145	4	146	9.68e-43	140
3bj1_B	1hbbB	44.755	143	78	1	4	145	4	146	9.68e-43	140
3bj1_B	1hacD	44.755	143	78	1	4	145	4	146	9.68e-43	140
3bj1_B	1hacB	44.755	143	78	1	4	145	4	146	9.68e-43	140
3bj1_B	1habD	44.755	143	78	1	4	145	4	146	9.68e-43	140
3bj1_B	1habB	44.755	143	78	1	4	145	4	146	9.68e-43	140
3bj1_B	2h35D	44.755	143	78	1	4	145	4	146	9.68e-43	140
3bj1_B	2h35B	44.755	143	78	1	4	145	4	146	9.68e-43	140
3bj1_B	1gzxD	44.755	143	78	1	4	145	4	146	9.68e-43	140
3bj1_B	1gzxB	44.755	143	78	1	4	145	4	146	9.68e-43	140
3bj1_B	1gliD	44.755	143	78	1	4	145	4	146	9.68e-43	140
3bj1_B	1gliB	44.755	143	78	1	4	145	4	146	9.68e-43	140
3bj1_B	1g9vD	44.755	143	78	1	4	145	4	146	9.68e-43	140
