3bj1A	3bj3C	100.000	142	0	0	1	142	1	142	1.30e-101	289
3bj1A	3bj3A	100.000	142	0	0	1	142	1	142	1.30e-101	289
3bj1A	3bj2C	100.000	142	0	0	1	142	1	142	1.30e-101	289
3bj1A	3bj2A	100.000	142	0	0	1	142	1	142	1.30e-101	289
3bj1A	3bj1C	100.000	142	0	0	1	142	1	142	1.30e-101	289
3bj1A	3bj1A	100.000	142	0	0	1	142	1	142	1.30e-101	289
3bj1A	1xq5C	95.070	142	7	0	1	142	1	142	2.74e-97	278
3bj1A	1xq5A	95.070	142	7	0	1	142	1	142	2.74e-97	278
3bj1A	3bcqC	73.944	142	37	0	1	142	1	142	5.68e-73	216
3bj1A	3bcqA	73.944	142	37	0	1	142	1	142	5.68e-73	216
3bj1A	1v4xC	70.423	142	42	0	1	142	2	143	5.14e-71	212
3bj1A	1v4xA	70.423	142	42	0	1	142	2	143	5.14e-71	212
3bj1A	1v4wC	70.423	142	42	0	1	142	2	143	5.14e-71	212
3bj1A	1v4wA	70.423	142	42	0	1	142	2	143	5.14e-71	212
3bj1A	1v4uC	70.423	142	42	0	1	142	2	143	5.14e-71	212
3bj1A	1v4uA	70.423	142	42	0	1	142	2	143	5.14e-71	212
3bj1A	1ouuC	68.310	142	45	0	1	142	1	142	2.90e-68	205
3bj1A	1ouuA	68.310	142	45	0	1	142	1	142	2.90e-68	205
3bj1A	1outA	68.310	142	45	0	1	142	1	142	2.90e-68	205
3bj1A	6rp5A	67.606	142	46	0	1	142	1	142	2.80e-67	202
3bj1A	4esaC	67.606	142	46	0	1	142	1	142	2.80e-67	202
3bj1A	4esaA	67.606	142	46	0	1	142	1	142	2.80e-67	202
3bj1A	1s5yC	65.493	142	49	0	1	142	1	142	3.76e-66	199
3bj1A	1s5yA	65.493	142	49	0	1	142	1	142	3.76e-66	199
3bj1A	1s5xA	65.493	142	49	0	1	142	1	142	3.76e-66	199
3bj1A	2pegA	65.493	142	49	0	1	142	1	142	3.76e-66	199
3bj1A	1pbxA	65.493	142	49	0	1	142	1	142	3.76e-66	199
3bj1A	4odcA	65.493	142	49	0	1	142	1	142	3.76e-66	199
3bj1A	4iroC	65.493	142	49	0	1	142	1	142	3.76e-66	199
3bj1A	4iroA	65.493	142	49	0	1	142	1	142	3.76e-66	199
3bj1A	1hbhC	65.493	142	49	0	1	142	1	142	3.76e-66	199
3bj1A	1hbhA	65.493	142	49	0	1	142	1	142	3.76e-66	199
3bj1A	2h8fC	65.493	142	49	0	1	142	1	142	3.76e-66	199
3bj1A	2h8fA	65.493	142	49	0	1	142	1	142	3.76e-66	199
3bj1A	2h8dC	65.493	142	49	0	1	142	1	142	3.76e-66	199
3bj1A	2h8dA	65.493	142	49	0	1	142	1	142	3.76e-66	199
3bj1A	3gqgC	65.493	142	49	0	1	142	1	142	3.76e-66	199
3bj1A	3gqgA	65.493	142	49	0	1	142	1	142	3.76e-66	199
3bj1A	3gkvA	65.493	142	49	0	1	142	1	142	3.76e-66	199
3bj1A	4g51C	65.493	142	49	0	1	142	1	142	3.76e-66	199
3bj1A	4g51A	65.493	142	49	0	1	142	1	142	3.76e-66	199
3bj1A	1t1nA	63.380	142	52	0	1	142	1	142	1.05e-64	196
3bj1A	3ng6C	63.380	142	52	0	1	142	1	142	1.05e-64	196
3bj1A	3ng6A	63.380	142	52	0	1	142	1	142	1.05e-64	196
3bj1A	3nfeC	63.380	142	52	0	1	142	1	142	1.05e-64	196
3bj1A	3nfeA	63.380	142	52	0	1	142	1	142	1.05e-64	196
3bj1A	5lfgC	63.380	142	52	0	1	142	1	142	1.05e-64	196
3bj1A	5lfgA	63.380	142	52	0	1	142	1	142	1.05e-64	196
3bj1A	1la6A	63.380	142	52	0	1	142	1	142	1.05e-64	196
3bj1A	3d1kA	63.380	142	52	0	1	142	1	142	1.05e-64	196
3bj1A	2aa1C	63.380	142	52	0	1	142	1	142	1.05e-64	196
3bj1A	2aa1A	63.380	142	52	0	1	142	1	142	1.05e-64	196
3bj1A	6hitG	64.789	142	50	0	1	142	1	142	1.54e-63	193
3bj1A	6hitE	64.789	142	50	0	1	142	1	142	1.54e-63	193
3bj1A	6hitC	64.789	142	50	0	1	142	1	142	1.54e-63	193
3bj1A	6hitA	64.789	142	50	0	1	142	1	142	1.54e-63	193
3bj1A	2r1hC	63.380	142	52	0	1	142	1	142	2.40e-60	185
3bj1A	2r1hA	63.380	142	52	0	1	142	1	142	2.40e-60	185
3bj1A	3bomC	63.380	142	52	0	1	142	1	142	2.40e-60	185
3bj1A	3bomA	63.380	142	52	0	1	142	1	142	2.40e-60	185
3bj1A	6iyhA	61.972	142	54	0	1	142	1	142	5.32e-59	181
3bj1A	6iyiA	61.268	142	55	0	1	142	1	142	6.23e-57	176
3bj1A	1spgA	60.839	143	55	1	1	142	1	143	5.68e-56	174
3bj1A	1hbrA	56.028	141	61	1	2	142	2	141	1.06e-52	165
3bj1A	1hbrC	55.714	140	61	1	2	141	2	140	1.05e-51	163
3bj1A	3gqrG	57.447	141	59	1	2	142	2	141	9.95e-51	160
3bj1A	3gqrE	57.447	141	59	1	2	142	2	141	9.95e-51	160
3bj1A	3gqrC	57.447	141	59	1	2	142	2	141	9.95e-51	160
3bj1A	3gqrA	57.447	141	59	1	2	142	2	141	9.95e-51	160
3bj1A	3gqpC	57.447	141	59	1	2	142	2	141	9.95e-51	160
3bj1A	3gqpA	57.447	141	59	1	2	142	2	141	9.95e-51	160
3bj1A	3d4xC	57.447	141	59	1	2	142	2	141	9.95e-51	160
3bj1A	3d4xA	57.447	141	59	1	2	142	2	141	9.95e-51	160
3bj1A	3w4uC	51.408	142	68	1	1	142	1	141	6.39e-50	158
3bj1A	3w4uA	51.408	142	68	1	1	142	1	141	6.39e-50	158
3bj1A	1jebC	51.408	142	68	1	1	142	1	141	6.39e-50	158
3bj1A	1jebA	51.408	142	68	1	1	142	1	141	6.39e-50	158
3bj1A	1fhjC	55.319	141	62	1	2	142	2	141	1.05e-48	155
3bj1A	1fhjA	55.319	141	62	1	2	142	2	141	1.05e-48	155
3bj1A	2b7hC	55.319	141	62	1	2	142	2	141	1.05e-48	155
3bj1A	2b7hA	55.319	141	62	1	2	142	2	141	1.05e-48	155
3bj1A	3gysC	56.835	139	59	1	2	140	2	139	1.40e-48	155
3bj1A	7k4mE	56.028	141	61	1	2	142	3	142	1.62e-48	155
3bj1A	1bz1C	56.028	141	61	1	2	142	3	142	1.62e-48	155
3bj1A	1bz1A	56.028	141	61	1	2	142	3	142	1.62e-48	155
3bj1A	1babC	56.028	141	61	1	2	142	3	142	1.68e-48	155
3bj1A	1babA	56.028	141	61	1	2	142	3	142	1.68e-48	155
3bj1A	2qlsC	55.319	141	62	1	2	142	2	141	1.72e-48	155
3bj1A	2qlsA	55.319	141	62	1	2	142	2	141	1.72e-48	155
3bj1A	3pelA	55.319	141	62	1	2	142	2	141	1.72e-48	155
3bj1A	3gouC	55.319	141	62	1	2	142	2	141	1.72e-48	155
3bj1A	3gouA	55.319	141	62	1	2	142	2	141	1.72e-48	155
3bj1A	1yziA	56.028	141	61	1	2	142	2	141	1.81e-48	154
3bj1A	1yvtA	56.028	141	61	1	2	142	2	141	1.81e-48	154
3bj1A	1yvqC	56.028	141	61	1	2	142	2	141	1.81e-48	154
3bj1A	1yvqA	56.028	141	61	1	2	142	2	141	1.81e-48	154
3bj1A	2yrsM	56.028	141	61	1	2	142	2	141	1.81e-48	154
3bj1A	2yrsI	56.028	141	61	1	2	142	2	141	1.81e-48	154
3bj1A	2yrsC	56.028	141	61	1	2	142	2	141	1.81e-48	154
3bj1A	2yrsA	56.028	141	61	1	2	142	2	141	1.81e-48	154
3bj1A	1yihC	56.028	141	61	1	2	142	2	141	1.81e-48	154
3bj1A	1yihA	56.028	141	61	1	2	142	2	141	1.81e-48	154
3bj1A	1yieC	56.028	141	61	1	2	142	2	141	1.81e-48	154
3bj1A	1yieA	56.028	141	61	1	2	142	2	141	1.81e-48	154
3bj1A	1yhrC	56.028	141	61	1	2	142	2	141	1.81e-48	154
3bj1A	1yhrA	56.028	141	61	1	2	142	2	141	1.81e-48	154
3bj1A	1yheC	56.028	141	61	1	2	142	2	141	1.81e-48	154
3bj1A	1yheA	56.028	141	61	1	2	142	2	141	1.81e-48	154
3bj1A	1yh9C	56.028	141	61	1	2	142	2	141	1.81e-48	154
3bj1A	1yh9A	56.028	141	61	1	2	142	2	141	1.81e-48	154
3bj1A	1ygfC	56.028	141	61	1	2	142	2	141	1.81e-48	154
3bj1A	1ygfA	56.028	141	61	1	2	142	2	141	1.81e-48	154
3bj1A	1ygdC	56.028	141	61	1	2	142	2	141	1.81e-48	154
3bj1A	1ygdA	56.028	141	61	1	2	142	2	141	1.81e-48	154
3bj1A	1yg5C	56.028	141	61	1	2	142	2	141	1.81e-48	154
3bj1A	1yg5A	56.028	141	61	1	2	142	2	141	1.81e-48	154
3bj1A	1yffG	56.028	141	61	1	2	142	2	141	1.81e-48	154
3bj1A	1yffE	56.028	141	61	1	2	142	2	141	1.81e-48	154
3bj1A	1yffC	56.028	141	61	1	2	142	2	141	1.81e-48	154
3bj1A	1yffA	56.028	141	61	1	2	142	2	141	1.81e-48	154
3bj1A	1yeuC	56.028	141	61	1	2	142	2	141	1.81e-48	154
3bj1A	1yeuA	56.028	141	61	1	2	142	2	141	1.81e-48	154
3bj1A	1yeqC	56.028	141	61	1	2	142	2	141	1.81e-48	154
3bj1A	1yeqA	56.028	141	61	1	2	142	2	141	1.81e-48	154
3bj1A	1yeoC	56.028	141	61	1	2	142	2	141	1.81e-48	154
3bj1A	1yeoA	56.028	141	61	1	2	142	2	141	1.81e-48	154
3bj1A	1ye2C	56.028	141	61	1	2	142	2	141	1.81e-48	154
3bj1A	1ye2A	56.028	141	61	1	2	142	2	141	1.81e-48	154
3bj1A	1ye1C	56.028	141	61	1	2	142	2	141	1.81e-48	154
3bj1A	1ye1A	56.028	141	61	1	2	142	2	141	1.81e-48	154
3bj1A	1ye0C	56.028	141	61	1	2	142	2	141	1.81e-48	154
3bj1A	1ye0A	56.028	141	61	1	2	142	2	141	1.81e-48	154
3bj1A	1y85C	56.028	141	61	1	2	142	2	141	1.81e-48	154
3bj1A	1y85A	56.028	141	61	1	2	142	2	141	1.81e-48	154
3bj1A	1y83C	56.028	141	61	1	2	142	2	141	1.81e-48	154
3bj1A	1y83A	56.028	141	61	1	2	142	2	141	1.81e-48	154
3bj1A	1y7zC	56.028	141	61	1	2	142	2	141	1.81e-48	154
3bj1A	1y7zA	56.028	141	61	1	2	142	2	141	1.81e-48	154
3bj1A	1y7gC	56.028	141	61	1	2	142	2	141	1.81e-48	154
3bj1A	1y7gA	56.028	141	61	1	2	142	2	141	1.81e-48	154
3bj1A	1y7dC	56.028	141	61	1	2	142	2	141	1.81e-48	154
3bj1A	1y7dA	56.028	141	61	1	2	142	2	141	1.81e-48	154
3bj1A	1y7cC	56.028	141	61	1	2	142	2	141	1.81e-48	154
3bj1A	1y7cA	56.028	141	61	1	2	142	2	141	1.81e-48	154
3bj1A	1y5kC	56.028	141	61	1	2	142	2	141	1.81e-48	154
3bj1A	1y5kA	56.028	141	61	1	2	142	2	141	1.81e-48	154
3bj1A	1y5jC	56.028	141	61	1	2	142	2	141	1.81e-48	154
3bj1A	1y5jA	56.028	141	61	1	2	142	2	141	1.81e-48	154
3bj1A	1y5fC	56.028	141	61	1	2	142	2	141	1.81e-48	154
3bj1A	1y5fA	56.028	141	61	1	2	142	2	141	1.81e-48	154
3bj1A	1y4vC	56.028	141	61	1	2	142	2	141	1.81e-48	154
3bj1A	1y4vA	56.028	141	61	1	2	142	2	141	1.81e-48	154
3bj1A	1y4rC	56.028	141	61	1	2	142	2	141	1.81e-48	154
3bj1A	1y4rA	56.028	141	61	1	2	142	2	141	1.81e-48	154
3bj1A	1y4qC	56.028	141	61	1	2	142	2	141	1.81e-48	154
3bj1A	1y4qA	56.028	141	61	1	2	142	2	141	1.81e-48	154
3bj1A	1y4pC	56.028	141	61	1	2	142	2	141	1.81e-48	154
3bj1A	1y4pA	56.028	141	61	1	2	142	2	141	1.81e-48	154
3bj1A	1y4gC	56.028	141	61	1	2	142	2	141	1.81e-48	154
3bj1A	1y4gA	56.028	141	61	1	2	142	2	141	1.81e-48	154
3bj1A	1y4fC	56.028	141	61	1	2	142	2	141	1.81e-48	154
3bj1A	1y4fA	56.028	141	61	1	2	142	2	141	1.81e-48	154
3bj1A	1y4bC	56.028	141	61	1	2	142	2	141	1.81e-48	154
3bj1A	1y4bA	56.028	141	61	1	2	142	2	141	1.81e-48	154
3bj1A	1y46C	56.028	141	61	1	2	142	2	141	1.81e-48	154
3bj1A	1y46A	56.028	141	61	1	2	142	2	141	1.81e-48	154
3bj1A	1y45C	56.028	141	61	1	2	142	2	141	1.81e-48	154
3bj1A	1y45A	56.028	141	61	1	2	142	2	141	1.81e-48	154
3bj1A	1y35C	56.028	141	61	1	2	142	2	141	1.81e-48	154
3bj1A	1y35A	56.028	141	61	1	2	142	2	141	1.81e-48	154
3bj1A	1y31C	56.028	141	61	1	2	142	2	141	1.81e-48	154
3bj1A	1y31A	56.028	141	61	1	2	142	2	141	1.81e-48	154
3bj1A	1y2zC	56.028	141	61	1	2	142	2	141	1.81e-48	154
3bj1A	1y2zA	56.028	141	61	1	2	142	2	141	1.81e-48	154
3bj1A	1y22C	56.028	141	61	1	2	142	2	141	1.81e-48	154
3bj1A	1y22A	56.028	141	61	1	2	142	2	141	1.81e-48	154
3bj1A	1y0wC	56.028	141	61	1	2	142	2	141	1.81e-48	154
3bj1A	1y0wA	56.028	141	61	1	2	142	2	141	1.81e-48	154
3bj1A	1y0tC	56.028	141	61	1	2	142	2	141	1.81e-48	154
3bj1A	1y0tA	56.028	141	61	1	2	142	2	141	1.81e-48	154
3bj1A	1xz2C	56.028	141	61	1	2	142	2	141	1.81e-48	154
3bj1A	1xz2A	56.028	141	61	1	2	142	2	141	1.81e-48	154
3bj1A	1xxtC	56.028	141	61	1	2	142	2	141	1.81e-48	154
3bj1A	1xxtA	56.028	141	61	1	2	142	2	141	1.81e-48	154
3bj1A	4xs0A	56.028	141	61	1	2	142	2	141	1.81e-48	154
3bj1A	7xgyC	56.028	141	61	1	2	142	2	141	1.81e-48	154
3bj1A	7xgyA	56.028	141	61	1	2	142	2	141	1.81e-48	154
3bj1A	6xe7C	56.028	141	61	1	2	142	2	141	1.81e-48	154
3bj1A	6xe7A	56.028	141	61	1	2	142	2	141	1.81e-48	154
3bj1A	6xdtC	56.028	141	61	1	2	142	2	141	1.81e-48	154
3bj1A	6xdtA	56.028	141	61	1	2	142	2	141	1.81e-48	154
3bj1A	6xd9C	56.028	141	61	1	2	142	2	141	1.81e-48	154
3bj1A	6xd9A	56.028	141	61	1	2	142	2	141	1.81e-48	154
3bj1A	4x0lA	56.028	141	61	1	2	142	2	141	1.81e-48	154
3bj1A	4wjgZ	56.028	141	61	1	2	142	2	141	1.81e-48	154
3bj1A	4wjgU	56.028	141	61	1	2	142	2	141	1.81e-48	154
3bj1A	4wjgP	56.028	141	61	1	2	142	2	141	1.81e-48	154
3bj1A	4wjgK	56.028	141	61	1	2	142	2	141	1.81e-48	154
3bj1A	4wjgF	56.028	141	61	1	2	142	2	141	1.81e-48	154
3bj1A	4wjgA	56.028	141	61	1	2	142	2	141	1.81e-48	154
3bj1A	3wcpC	56.028	141	61	1	2	142	2	141	1.81e-48	154
3bj1A	3wcpA	56.028	141	61	1	2	142	2	141	1.81e-48	154
3bj1A	2w6vC	56.028	141	61	1	2	142	2	141	1.81e-48	154
3bj1A	2w6vA	56.028	141	61	1	2	142	2	141	1.81e-48	154
3bj1A	5vmmC	56.028	141	61	1	2	142	2	141	1.81e-48	154
3bj1A	7vdeC	56.028	141	61	1	2	142	2	141	1.81e-48	154
3bj1A	7vdeA	56.028	141	61	1	2	142	2	141	1.81e-48	154
3bj1A	5urcC	56.028	141	61	1	2	142	2	141	1.81e-48	154
3bj1A	5urcA	56.028	141	61	1	2	142	2	141	1.81e-48	154
3bj1A	1uiwG	56.028	141	61	1	2	142	2	141	1.81e-48	154
3bj1A	1uiwE	56.028	141	61	1	2	142	2	141	1.81e-48	154
3bj1A	1uiwC	56.028	141	61	1	2	142	2	141	1.81e-48	154
3bj1A	1uiwA	56.028	141	61	1	2	142	2	141	1.81e-48	154
3bj1A	7uf7C	56.028	141	61	1	2	142	2	141	1.81e-48	154
3bj1A	7uf7A	56.028	141	61	1	2	142	2	141	1.81e-48	154
3bj1A	7uf6C	56.028	141	61	1	2	142	2	141	1.81e-48	154
3bj1A	7uf6A	56.028	141	61	1	2	142	2	141	1.81e-48	154
3bj1A	5ufjC	56.028	141	61	1	2	142	2	141	1.81e-48	154
3bj1A	5ufjA	56.028	141	61	1	2	142	2	141	1.81e-48	154
3bj1A	7ud8C	56.028	141	61	1	2	142	2	141	1.81e-48	154
3bj1A	7ud8A	56.028	141	61	1	2	142	2	141	1.81e-48	154
3bj1A	7ud7C	56.028	141	61	1	2	142	2	141	1.81e-48	154
3bj1A	7ud7A	56.028	141	61	1	2	142	2	141	1.81e-48	154
3bj1A	5u3iC	56.028	141	61	1	2	142	2	141	1.81e-48	154
3bj1A	5u3iA	56.028	141	61	1	2	142	2	141	1.81e-48	154
3bj1A	1thbC	56.028	141	61	1	2	142	2	141	1.81e-48	154
3bj1A	1thbA	56.028	141	61	1	2	142	2	141	1.81e-48	154
3bj1A	6tb2A	56.028	141	61	1	2	142	2	141	1.81e-48	154
3bj1A	1si4C	56.028	141	61	1	2	142	2	141	1.81e-48	154
3bj1A	1si4A	56.028	141	61	1	2	142	2	141	1.81e-48	154
3bj1A	1shrC	56.028	141	61	1	2	142	2	141	1.81e-48	154
3bj1A	1shrA	56.028	141	61	1	2	142	2	141	1.81e-48	154
3bj1A	1sdlC	56.028	141	61	1	2	142	2	141	1.81e-48	154
3bj1A	1sdlA	56.028	141	61	1	2	142	2	141	1.81e-48	154
3bj1A	1sdkC	56.028	141	61	1	2	142	2	141	1.81e-48	154
3bj1A	1sdkA	56.028	141	61	1	2	142	2	141	1.81e-48	154
3bj1A	3s65C	56.028	141	61	1	2	142	2	141	1.81e-48	154
3bj1A	3s65A	56.028	141	61	1	2	142	2	141	1.81e-48	154
3bj1A	1rqaC	56.028	141	61	1	2	142	2	141	1.81e-48	154
3bj1A	1rqaA	56.028	141	61	1	2	142	2	141	1.81e-48	154
3bj1A	1rq4C	56.028	141	61	1	2	142	2	141	1.81e-48	154
3bj1A	1rq4A	56.028	141	61	1	2	142	2	141	1.81e-48	154
3bj1A	1rq3C	56.028	141	61	1	2	142	2	141	1.81e-48	154
3bj1A	1rq3A	56.028	141	61	1	2	142	2	141	1.81e-48	154
3bj1A	1rpsC	56.028	141	61	1	2	142	2	141	1.81e-48	154
3bj1A	1rpsA	56.028	141	61	1	2	142	2	141	1.81e-48	154
3bj1A	4romC	56.028	141	61	1	2	142	2	141	1.81e-48	154
3bj1A	4romA	56.028	141	61	1	2	142	2	141	1.81e-48	154
3bj1A	4rolC	56.028	141	61	1	2	142	2	141	1.81e-48	154
3bj1A	4rolA	56.028	141	61	1	2	142	2	141	1.81e-48	154
3bj1A	3r5iC	56.028	141	61	1	2	142	2	141	1.81e-48	154
3bj1A	3r5iA	56.028	141	61	1	2	142	2	141	1.81e-48	154
3bj1A	1qxeC	56.028	141	61	1	2	142	2	141	1.81e-48	154
3bj1A	1qxeA	56.028	141	61	1	2	142	2	141	1.81e-48	154
3bj1A	1qxdC	56.028	141	61	1	2	142	2	141	1.81e-48	154
3bj1A	1qxdA	56.028	141	61	1	2	142	2	141	1.81e-48	154
3bj1A	1qsiC	56.028	141	61	1	2	142	2	141	1.81e-48	154
3bj1A	1qsiA	56.028	141	61	1	2	142	2	141	1.81e-48	154
3bj1A	1qshC	56.028	141	61	1	2	142	2	141	1.81e-48	154
3bj1A	1qshA	56.028	141	61	1	2	142	2	141	1.81e-48	154
3bj1A	3qjeC	56.028	141	61	1	2	142	2	141	1.81e-48	154
3bj1A	3qjeA	56.028	141	61	1	2	142	2	141	1.81e-48	154
3bj1A	3qjcA	56.028	141	61	1	2	142	2	141	1.81e-48	154
3bj1A	7pcqC	56.028	141	61	1	2	142	2	141	1.81e-48	154
3bj1A	7pcqA	56.028	141	61	1	2	142	2	141	1.81e-48	154
3bj1A	7pchC	56.028	141	61	1	2	142	2	141	1.81e-48	154
3bj1A	7pchA	56.028	141	61	1	2	142	2	141	1.81e-48	154
3bj1A	3oo4A	56.028	141	61	1	2	142	2	141	1.81e-48	154
3bj1A	3odqC	56.028	141	61	1	2	142	2	141	1.81e-48	154
3bj1A	3odqA	56.028	141	61	1	2	142	2	141	1.81e-48	154
3bj1A	1nqpC	56.028	141	61	1	2	142	2	141	1.81e-48	154
3bj1A	1nqpA	56.028	141	61	1	2	142	2	141	1.81e-48	154
3bj1A	3nl7A	56.028	141	61	1	2	142	2	141	1.81e-48	154
3bj1A	5ni1C	56.028	141	61	1	2	142	2	141	1.81e-48	154
3bj1A	5ni1A	56.028	141	61	1	2	142	2	141	1.81e-48	154
3bj1A	4ni1A	56.028	141	61	1	2	142	2	141	1.81e-48	154
3bj1A	4ni0A	56.028	141	61	1	2	142	2	141	1.81e-48	154
3bj1A	1nihC	56.028	141	61	1	2	142	2	141	1.81e-48	154
3bj1A	1nihA	56.028	141	61	1	2	142	2	141	1.81e-48	154
3bj1A	1nejC	56.028	141	61	1	2	142	2	141	1.81e-48	154
3bj1A	1nejA	56.028	141	61	1	2	142	2	141	1.81e-48	154
3bj1A	4n7pK	56.028	141	61	1	2	142	2	141	1.81e-48	154
3bj1A	4n7pI	56.028	141	61	1	2	142	2	141	1.81e-48	154
3bj1A	4n7pG	56.028	141	61	1	2	142	2	141	1.81e-48	154
3bj1A	4n7pE	56.028	141	61	1	2	142	2	141	1.81e-48	154
3bj1A	4n7pC	56.028	141	61	1	2	142	2	141	1.81e-48	154
3bj1A	4n7pA	56.028	141	61	1	2	142	2	141	1.81e-48	154
3bj1A	4n7oK	56.028	141	61	1	2	142	2	141	1.81e-48	154
3bj1A	4n7oI	56.028	141	61	1	2	142	2	141	1.81e-48	154
3bj1A	4n7oG	56.028	141	61	1	2	142	2	141	1.81e-48	154
3bj1A	4n7oE	56.028	141	61	1	2	142	2	141	1.81e-48	154
3bj1A	4n7oC	56.028	141	61	1	2	142	2	141	1.81e-48	154
3bj1A	4n7oA	56.028	141	61	1	2	142	2	141	1.81e-48	154
3bj1A	4n7nK	56.028	141	61	1	2	142	2	141	1.81e-48	154
3bj1A	4n7nI	56.028	141	61	1	2	142	2	141	1.81e-48	154
3bj1A	4n7nG	56.028	141	61	1	2	142	2	141	1.81e-48	154
3bj1A	4n7nE	56.028	141	61	1	2	142	2	141	1.81e-48	154
3bj1A	4n7nC	56.028	141	61	1	2	142	2	141	1.81e-48	154
3bj1A	4n7nA	56.028	141	61	1	2	142	2	141	1.81e-48	154
3bj1A	4mqkC	56.028	141	61	1	2	142	2	141	1.81e-48	154
3bj1A	4mqkA	56.028	141	61	1	2	142	2	141	1.81e-48	154
3bj1A	4mqjE	56.028	141	61	1	2	142	2	141	1.81e-48	154
3bj1A	4mqjC	56.028	141	61	1	2	142	2	141	1.81e-48	154
3bj1A	4mqjG	56.028	141	61	1	2	142	2	141	1.81e-48	154
3bj1A	4mqjA	56.028	141	61	1	2	142	2	141	1.81e-48	154
3bj1A	4mqgA	56.028	141	61	1	2	142	2	141	1.81e-48	154
3bj1A	1mkoC	56.028	141	61	1	2	142	2	141	1.81e-48	154
3bj1A	1mkoA	56.028	141	61	1	2	142	2	141	1.81e-48	154
3bj1A	1m9pC	56.028	141	61	1	2	142	2	141	1.81e-48	154
3bj1A	1m9pA	56.028	141	61	1	2	142	2	141	1.81e-48	154
3bj1A	2m6zC	56.028	141	61	1	2	142	2	141	1.81e-48	154
3bj1A	2m6zA	56.028	141	61	1	2	142	2	141	1.81e-48	154
3bj1A	1ljwA	56.028	141	61	1	2	142	2	141	1.81e-48	154
3bj1A	1lfzA	56.028	141	61	1	2	142	2	141	1.81e-48	154
3bj1A	1lfyA	56.028	141	61	1	2	142	2	141	1.81e-48	154
3bj1A	1lfvA	56.028	141	61	1	2	142	2	141	1.81e-48	154
3bj1A	1lftA	56.028	141	61	1	2	142	2	141	1.81e-48	154
3bj1A	1lfqA	56.028	141	61	1	2	142	2	141	1.81e-48	154
3bj1A	1lflR	56.028	141	61	1	2	142	2	141	1.81e-48	154
3bj1A	1lflP	56.028	141	61	1	2	142	2	141	1.81e-48	154
3bj1A	1lflC	56.028	141	61	1	2	142	2	141	1.81e-48	154
3bj1A	1lflA	56.028	141	61	1	2	142	2	141	1.81e-48	154
3bj1A	6lcxG	56.028	141	61	1	2	142	2	141	1.81e-48	154
3bj1A	6lcxE	56.028	141	61	1	2	142	2	141	1.81e-48	154
3bj1A	6lcxC	56.028	141	61	1	2	142	2	141	1.81e-48	154
3bj1A	6lcxA	56.028	141	61	1	2	142	2	141	1.81e-48	154
3bj1A	6lcwG	56.028	141	61	1	2	142	2	141	1.81e-48	154
3bj1A	6lcwE	56.028	141	61	1	2	142	2	141	1.81e-48	154
3bj1A	6lcwC	56.028	141	61	1	2	142	2	141	1.81e-48	154
3bj1A	6lcwA	56.028	141	61	1	2	142	2	141	1.81e-48	154
3bj1A	4l7yC	56.028	141	61	1	2	142	2	141	1.81e-48	154
3bj1A	4l7yA	56.028	141	61	1	2	142	2	141	1.81e-48	154
3bj1A	6l5yC	56.028	141	61	1	2	142	2	141	1.81e-48	154
3bj1A	6l5yA	56.028	141	61	1	2	142	2	141	1.81e-48	154
3bj1A	6l5xC	56.028	141	61	1	2	142	2	141	1.81e-48	154
3bj1A	6l5xA	56.028	141	61	1	2	142	2	141	1.81e-48	154
3bj1A	6l5wA	56.028	141	61	1	2	142	2	141	1.81e-48	154
3bj1A	6l5vA	56.028	141	61	1	2	142	2	141	1.81e-48	154
3bj1A	6kyeI	56.028	141	61	1	2	142	2	141	1.81e-48	154
3bj1A	5ksjC	56.028	141	61	1	2	142	2	141	1.81e-48	154
3bj1A	5ksjA	56.028	141	61	1	2	142	2	141	1.81e-48	154
3bj1A	5ksiC	56.028	141	61	1	2	142	2	141	1.81e-48	154
3bj1A	5ksiA	56.028	141	61	1	2	142	2	141	1.81e-48	154
3bj1A	3kmfE	56.028	141	61	1	2	142	2	141	1.81e-48	154
3bj1A	3kmfA	56.028	141	61	1	2	142	2	141	1.81e-48	154
3bj1A	5kdqC	56.028	141	61	1	2	142	2	141	1.81e-48	154
3bj1A	5kdqA	56.028	141	61	1	2	142	2	141	1.81e-48	154
3bj1A	1kd2C	56.028	141	61	1	2	142	2	141	1.81e-48	154
3bj1A	1kd2A	56.028	141	61	1	2	142	2	141	1.81e-48	154
3bj1A	6kavC	56.028	141	61	1	2	142	2	141	1.81e-48	154
3bj1A	6kavA	56.028	141	61	1	2	142	2	141	1.81e-48	154
3bj1A	6kauC	56.028	141	61	1	2	142	2	141	1.81e-48	154
3bj1A	6kauA	56.028	141	61	1	2	142	2	141	1.81e-48	154
3bj1A	6katC	56.028	141	61	1	2	142	2	141	1.81e-48	154
3bj1A	6katA	56.028	141	61	1	2	142	2	141	1.81e-48	154
3bj1A	6kasC	56.028	141	61	1	2	142	2	141	1.81e-48	154
3bj1A	6kasA	56.028	141	61	1	2	142	2	141	1.81e-48	154
3bj1A	6karA	56.028	141	61	1	2	142	2	141	1.81e-48	154
3bj1A	6kaqA	56.028	141	61	1	2	142	2	141	1.81e-48	154
3bj1A	6kapA	56.028	141	61	1	2	142	2	141	1.81e-48	154
3bj1A	6kaoA	56.028	141	61	1	2	142	2	141	1.81e-48	154
3bj1A	6kaiG	56.028	141	61	1	2	142	2	141	1.81e-48	154
3bj1A	6kaiE	56.028	141	61	1	2	142	2	141	1.81e-48	154
3bj1A	6kaiC	56.028	141	61	1	2	142	2	141	1.81e-48	154
3bj1A	6kaiA	56.028	141	61	1	2	142	2	141	1.81e-48	154
3bj1A	6kahG	56.028	141	61	1	2	142	2	141	1.81e-48	154
3bj1A	6kahE	56.028	141	61	1	2	142	2	141	1.81e-48	154
3bj1A	6kahC	56.028	141	61	1	2	142	2	141	1.81e-48	154
3bj1A	6kahA	56.028	141	61	1	2	142	2	141	1.81e-48	154
3bj1A	6kaeG	56.028	141	61	1	2	142	2	141	1.81e-48	154
3bj1A	6kaeE	56.028	141	61	1	2	142	2	141	1.81e-48	154
3bj1A	6kaeC	56.028	141	61	1	2	142	2	141	1.81e-48	154
3bj1A	6kaeA	56.028	141	61	1	2	142	2	141	1.81e-48	154
3bj1A	6ka9G	56.028	141	61	1	2	142	2	141	1.81e-48	154
3bj1A	6ka9E	56.028	141	61	1	2	142	2	141	1.81e-48	154
3bj1A	6ka9C	56.028	141	61	1	2	142	2	141	1.81e-48	154
3bj1A	6ka9A	56.028	141	61	1	2	142	2	141	1.81e-48	154
3bj1A	1k1kA	56.028	141	61	1	2	142	2	141	1.81e-48	154
3bj1A	1k0yC	56.028	141	61	1	2	142	2	141	1.81e-48	154
3bj1A	1k0yA	56.028	141	61	1	2	142	2	141	1.81e-48	154
3bj1A	7jy3C	56.028	141	61	1	2	142	2	141	1.81e-48	154
3bj1A	7jy3A	56.028	141	61	1	2	142	2	141	1.81e-48	154
3bj1A	7jy1C	56.028	141	61	1	2	142	2	141	1.81e-48	154
3bj1A	7jy1A	56.028	141	61	1	2	142	2	141	1.81e-48	154
3bj1A	7jy0C	56.028	141	61	1	2	142	2	141	1.81e-48	154
3bj1A	7jy0A	56.028	141	61	1	2	142	2	141	1.81e-48	154
3bj1A	1jy7W	56.028	141	61	1	2	142	2	141	1.81e-48	154
3bj1A	1jy7U	56.028	141	61	1	2	142	2	141	1.81e-48	154
3bj1A	1jy7R	56.028	141	61	1	2	142	2	141	1.81e-48	154
3bj1A	1jy7P	56.028	141	61	1	2	142	2	141	1.81e-48	154
3bj1A	1jy7C	56.028	141	61	1	2	142	2	141	1.81e-48	154
3bj1A	1jy7A	56.028	141	61	1	2	142	2	141	1.81e-48	154
3bj1A	7jxzC	56.028	141	61	1	2	142	2	141	1.81e-48	154
3bj1A	7jxzA	56.028	141	61	1	2	142	2	141	1.81e-48	154
3bj1A	5jdoC	56.028	141	61	1	2	142	2	141	1.81e-48	154
3bj1A	1j7wC	56.028	141	61	1	2	142	2	141	1.81e-48	154
3bj1A	1j7wA	56.028	141	61	1	2	142	2	141	1.81e-48	154
3bj1A	1j41G	56.028	141	61	1	2	142	2	141	1.81e-48	154
3bj1A	1j41E	56.028	141	61	1	2	142	2	141	1.81e-48	154
3bj1A	1j41C	56.028	141	61	1	2	142	2	141	1.81e-48	154
3bj1A	1j41A	56.028	141	61	1	2	142	2	141	1.81e-48	154
3bj1A	1j40G	56.028	141	61	1	2	142	2	141	1.81e-48	154
3bj1A	1j40E	56.028	141	61	1	2	142	2	141	1.81e-48	154
3bj1A	1j40C	56.028	141	61	1	2	142	2	141	1.81e-48	154
3bj1A	1j40A	56.028	141	61	1	2	142	2	141	1.81e-48	154
3bj1A	1j3zG	56.028	141	61	1	2	142	2	141	1.81e-48	154
3bj1A	1j3zE	56.028	141	61	1	2	142	2	141	1.81e-48	154
3bj1A	1j3zC	56.028	141	61	1	2	142	2	141	1.81e-48	154
3bj1A	1j3zA	56.028	141	61	1	2	142	2	141	1.81e-48	154
3bj1A	1j3yG	56.028	141	61	1	2	142	2	141	1.81e-48	154
3bj1A	1j3yE	56.028	141	61	1	2	142	2	141	1.81e-48	154
3bj1A	1j3yC	56.028	141	61	1	2	142	2	141	1.81e-48	154
3bj1A	1j3yA	56.028	141	61	1	2	142	2	141	1.81e-48	154
3bj1A	1irdA	56.028	141	61	1	2	142	2	141	1.81e-48	154
3bj1A	3ic2C	56.028	141	61	1	2	142	2	141	1.81e-48	154
3bj1A	3ic2A	56.028	141	61	1	2	142	2	141	1.81e-48	154
3bj1A	3ic0C	56.028	141	61	1	2	142	2	141	1.81e-48	154
3bj1A	3ic0A	56.028	141	61	1	2	142	2	141	1.81e-48	154
3bj1A	5hy8S	56.028	141	61	1	2	142	2	141	1.81e-48	154
3bj1A	5hy8C	56.028	141	61	1	2	142	2	141	1.81e-48	154
3bj1A	5hy8A	56.028	141	61	1	2	142	2	141	1.81e-48	154
3bj1A	3hxnC	56.028	141	61	1	2	142	2	141	1.81e-48	154
3bj1A	3hxnA	56.028	141	61	1	2	142	2	141	1.81e-48	154
3bj1A	5hu6A	56.028	141	61	1	2	142	2	141	1.81e-48	154
3bj1A	6hk2C	56.028	141	61	1	2	142	2	141	1.81e-48	154
3bj1A	6hk2A	56.028	141	61	1	2	142	2	141	1.81e-48	154
3bj1A	4hhbC	56.028	141	61	1	2	142	2	141	1.81e-48	154
3bj1A	4hhbA	56.028	141	61	1	2	142	2	141	1.81e-48	154
3bj1A	3hhbC	56.028	141	61	1	2	142	2	141	1.81e-48	154
3bj1A	3hhbA	56.028	141	61	1	2	142	2	141	1.81e-48	154
3bj1A	2hheC	56.028	141	61	1	2	142	2	141	1.81e-48	154
3bj1A	2hheA	56.028	141	61	1	2	142	2	141	1.81e-48	154
3bj1A	2hhdC	56.028	141	61	1	2	142	2	141	1.81e-48	154
3bj1A	2hhdA	56.028	141	61	1	2	142	2	141	1.81e-48	154
3bj1A	2hhbC	56.028	141	61	1	2	142	2	141	1.81e-48	154
3bj1A	2hhbA	56.028	141	61	1	2	142	2	141	1.81e-48	154
3bj1A	1hhoA	56.028	141	61	1	2	142	2	141	1.81e-48	154
3bj1A	1hgcC	56.028	141	61	1	2	142	2	141	1.81e-48	154
3bj1A	1hgcA	56.028	141	61	1	2	142	2	141	1.81e-48	154
3bj1A	1hgbC	56.028	141	61	1	2	142	2	141	1.81e-48	154
3bj1A	1hgbA	56.028	141	61	1	2	142	2	141	1.81e-48	154
3bj1A	1hgaC	56.028	141	61	1	2	142	2	141	1.81e-48	154
3bj1A	1hgaA	56.028	141	61	1	2	142	2	141	1.81e-48	154
3bj1A	1hdbC	56.028	141	61	1	2	142	2	141	1.81e-48	154
3bj1A	1hdbA	56.028	141	61	1	2	142	2	141	1.81e-48	154
3bj1A	2hcoA	56.028	141	61	1	2	142	2	141	1.81e-48	154
3bj1A	1hcoA	56.028	141	61	1	2	142	2	141	1.81e-48	154
3bj1A	6hbwC	56.028	141	61	1	2	142	2	141	1.81e-48	154
3bj1A	6hbwA	56.028	141	61	1	2	142	2	141	1.81e-48	154
3bj1A	2hbsG	56.028	141	61	1	2	142	2	141	1.81e-48	154
3bj1A	2hbsE	56.028	141	61	1	2	142	2	141	1.81e-48	154
3bj1A	2hbsC	56.028	141	61	1	2	142	2	141	1.81e-48	154
3bj1A	2hbsA	56.028	141	61	1	2	142	2	141	1.81e-48	154
3bj1A	2hbfA	56.028	141	61	1	2	142	2	141	1.81e-48	154
3bj1A	2hbeA	56.028	141	61	1	2	142	2	141	1.81e-48	154
3bj1A	2hbdA	56.028	141	61	1	2	142	2	141	1.81e-48	154
3bj1A	2hbcA	56.028	141	61	1	2	142	2	141	1.81e-48	154
3bj1A	1hbsG	56.028	141	61	1	2	142	2	141	1.81e-48	154
3bj1A	1hbsE	56.028	141	61	1	2	142	2	141	1.81e-48	154
3bj1A	1hbsC	56.028	141	61	1	2	142	2	141	1.81e-48	154
3bj1A	1hbsA	56.028	141	61	1	2	142	2	141	1.81e-48	154
3bj1A	1hbbC	56.028	141	61	1	2	142	2	141	1.81e-48	154
3bj1A	1hbbA	56.028	141	61	1	2	142	2	141	1.81e-48	154
3bj1A	1hbaC	56.028	141	61	1	2	142	2	141	1.81e-48	154
3bj1A	1hbaA	56.028	141	61	1	2	142	2	141	1.81e-48	154
3bj1A	1hacC	56.028	141	61	1	2	142	2	141	1.81e-48	154
3bj1A	1hacA	56.028	141	61	1	2	142	2	141	1.81e-48	154
3bj1A	1habC	56.028	141	61	1	2	142	2	141	1.81e-48	154
3bj1A	1habA	56.028	141	61	1	2	142	2	141	1.81e-48	154
3bj1A	2h35C	56.028	141	61	1	2	142	2	141	1.81e-48	154
3bj1A	2h35A	56.028	141	61	1	2	142	2	141	1.81e-48	154
3bj1A	1gzxC	56.028	141	61	1	2	142	2	141	1.81e-48	154
3bj1A	1gzxA	56.028	141	61	1	2	142	2	141	1.81e-48	154
3bj1A	1gbvC	56.028	141	61	1	2	142	2	141	1.81e-48	154
3bj1A	1gbvA	56.028	141	61	1	2	142	2	141	1.81e-48	154
3bj1A	1gbuC	56.028	141	61	1	2	142	2	141	1.81e-48	154
3bj1A	1gbuA	56.028	141	61	1	2	142	2	141	1.81e-48	154
3bj1A	1g9vC	56.028	141	61	1	2	142	2	141	1.81e-48	154
3bj1A	1g9vA	56.028	141	61	1	2	142	2	141	1.81e-48	154
3bj1A	1fn3C	56.028	141	61	1	2	142	2	141	1.81e-48	154
3bj1A	1fn3A	56.028	141	61	1	2	142	2	141	1.81e-48	154
3bj1A	1fdhB	56.028	141	61	1	2	142	2	141	1.81e-48	154
3bj1A	1fdhA	56.028	141	61	1	2	142	2	141	1.81e-48	154
3bj1A	8egiC	56.028	141	61	1	2	142	2	141	1.81e-48	154
3bj1A	8egiA	56.028	141	61	1	2	142	2	141	1.81e-48	154
3bj1A	5ee4E	56.028	141	61	1	2	142	2	141	1.81e-48	154
3bj1A	5ee4C	56.028	141	61	1	2	142	2	141	1.81e-48	154
3bj1A	5e83C	56.028	141	61	1	2	142	2	141	1.81e-48	154
3bj1A	5e83A	56.028	141	61	1	2	142	2	141	1.81e-48	154
3bj1A	5e6eA	56.028	141	61	1	2	142	2	141	1.81e-48	154
3bj1A	5e29C	56.028	141	61	1	2	142	2	141	1.81e-48	154
3bj1A	5e29A	56.028	141	61	1	2	142	2	141	1.81e-48	154
3bj1A	2dxmC	56.028	141	61	1	2	142	2	141	1.81e-48	154
3bj1A	2dxmA	56.028	141	61	1	2	142	2	141	1.81e-48	154
3bj1A	1dxvC	56.028	141	61	1	2	142	2	141	1.81e-48	154
3bj1A	1dxvA	56.028	141	61	1	2	142	2	141	1.81e-48	154
3bj1A	1dxuC	56.028	141	61	1	2	142	2	141	1.81e-48	154
3bj1A	1dxuA	56.028	141	61	1	2	142	2	141	1.81e-48	154
3bj1A	1dxtC	56.028	141	61	1	2	142	2	141	1.81e-48	154
3bj1A	1dxtA	56.028	141	61	1	2	142	2	141	1.81e-48	154
